0 info it worked if it ends with ok
1 verbose cli [ 'node', '/usr/local/bin/npm', 'install' ]
2 info using npm@1.4.28
3 info using node@v0.10.32
4 verbose readDependencies using package.json deps
5 verbose install where, deps [ '/Users/junemp/Documents/devlab/nodejs/uac',
5 verbose install   [ 'express',
5 verbose install     'body-parser',
5 verbose install     'cookie-parser',
5 verbose install     'morgan',
5 verbose install     'serve-favicon',
5 verbose install     'debug',
5 verbose install     'ejs',
5 verbose install     'redis',
5 verbose install     'connect-redis' ] ]
6 info preinstall uac@0.0.0
7 verbose readDependencies using package.json deps
8 verbose already installed skipping express@~4.9.0 /Users/junemp/Documents/devlab/nodejs/uac
9 verbose already installed skipping body-parser@~1.8.1 /Users/junemp/Documents/devlab/nodejs/uac
10 verbose already installed skipping cookie-parser@~1.3.3 /Users/junemp/Documents/devlab/nodejs/uac
11 verbose already installed skipping morgan@~1.3.0 /Users/junemp/Documents/devlab/nodejs/uac
12 verbose already installed skipping serve-favicon@~2.1.3 /Users/junemp/Documents/devlab/nodejs/uac
13 verbose already installed skipping debug@~2.0.0 /Users/junemp/Documents/devlab/nodejs/uac
14 verbose already installed skipping ejs@~0.8.5 /Users/junemp/Documents/devlab/nodejs/uac
15 verbose cache add [ 'redis@~2.0.0', null ]
16 verbose cache add name=undefined spec="redis@~2.0.0" args=["redis@~2.0.0",null]
17 verbose parsed url { protocol: null,
17 verbose parsed url   slashes: null,
17 verbose parsed url   auth: null,
17 verbose parsed url   host: null,
17 verbose parsed url   port: null,
17 verbose parsed url   hostname: null,
17 verbose parsed url   hash: null,
17 verbose parsed url   search: null,
17 verbose parsed url   query: null,
17 verbose parsed url   pathname: 'redis@~2.0.0',
17 verbose parsed url   path: 'redis@~2.0.0',
17 verbose parsed url   href: 'redis@~2.0.0' }
18 verbose cache add [ 'connect-redis@~2.0.0', null ]
19 verbose cache add name=undefined spec="connect-redis@~2.0.0" args=["connect-redis@~2.0.0",null]
20 verbose parsed url { protocol: null,
20 verbose parsed url   slashes: null,
20 verbose parsed url   auth: null,
20 verbose parsed url   host: null,
20 verbose parsed url   port: null,
20 verbose parsed url   hostname: null,
20 verbose parsed url   hash: null,
20 verbose parsed url   search: null,
20 verbose parsed url   query: null,
20 verbose parsed url   pathname: 'connect-redis@~2.0.0',
20 verbose parsed url   path: 'connect-redis@~2.0.0',
20 verbose parsed url   href: 'connect-redis@~2.0.0' }
21 verbose cache add name="redis" spec="~2.0.0" args=["redis","~2.0.0"]
22 verbose parsed url { protocol: null,
22 verbose parsed url   slashes: null,
22 verbose parsed url   auth: null,
22 verbose parsed url   host: null,
22 verbose parsed url   port: null,
22 verbose parsed url   hostname: null,
22 verbose parsed url   hash: null,
22 verbose parsed url   search: null,
22 verbose parsed url   query: null,
22 verbose parsed url   pathname: '~2.0.0',
22 verbose parsed url   path: '~2.0.0',
22 verbose parsed url   href: '~2.0.0' }
23 verbose addNamed [ 'redis', '~2.0.0' ]
24 verbose addNamed [ null, '>=2.0.0-0 <2.1.0-0' ]
25 verbose cache add name="connect-redis" spec="~2.0.0" args=["connect-redis","~2.0.0"]
26 verbose parsed url { protocol: null,
26 verbose parsed url   slashes: null,
26 verbose parsed url   auth: null,
26 verbose parsed url   host: null,
26 verbose parsed url   port: null,
26 verbose parsed url   hostname: null,
26 verbose parsed url   hash: null,
26 verbose parsed url   search: null,
26 verbose parsed url   query: null,
26 verbose parsed url   pathname: '~2.0.0',
26 verbose parsed url   path: '~2.0.0',
26 verbose parsed url   href: '~2.0.0' }
27 verbose addNamed [ 'connect-redis', '~2.0.0' ]
28 verbose addNamed [ null, '>=2.0.0-0 <2.1.0-0' ]
29 silly lockFile 4ee2de1e-redis-2-0-0 redis@~2.0.0
30 verbose lock redis@~2.0.0 /Users/junemp/.npm/4ee2de1e-redis-2-0-0.lock
31 silly lockFile 000027a2-connect-redis-2-0-0 connect-redis@~2.0.0
32 verbose lock connect-redis@~2.0.0 /Users/junemp/.npm/000027a2-connect-redis-2-0-0.lock
33 silly addNameRange { name: 'redis', range: '>=2.0.0-0 <2.1.0-0', hasData: false }
34 silly addNameRange { name: 'connect-redis',
34 silly addNameRange   range: '>=2.0.0-0 <2.1.0-0',
34 silly addNameRange   hasData: false }
35 verbose request where is /redis
36 verbose request registry https://registry.npmjs.org/
37 verbose request id b2ffe6a17f733f3f
38 verbose url raw /redis
39 verbose url resolving [ 'https://registry.npmjs.org/', './redis' ]
40 verbose url resolved https://registry.npmjs.org/redis
41 verbose request where is https://registry.npmjs.org/redis
42 info trying registry request attempt 1 at 23:42:25
43 http GET https://registry.npmjs.org/redis
44 verbose request where is /connect-redis
45 verbose request registry https://registry.npmjs.org/
46 verbose url raw /connect-redis
47 verbose url resolving [ 'https://registry.npmjs.org/', './connect-redis' ]
48 verbose url resolved https://registry.npmjs.org/connect-redis
49 verbose request where is https://registry.npmjs.org/connect-redis
50 info trying registry request attempt 1 at 23:42:25
51 http GET https://registry.npmjs.org/connect-redis
52 http 200 https://registry.npmjs.org/connect-redis
53 silly registry.get cb [ 200,
53 silly registry.get   { date: 'Sat, 25 Oct 2014 14:42:26 GMT',
53 silly registry.get     server: 'CouchDB/1.5.0 (Erlang OTP/R14B04)',
53 silly registry.get     etag: '"DX3W8KHH3WWDI4D0XF958L8XK"',
53 silly registry.get     'content-type': 'application/json',
53 silly registry.get     'cache-control': 'max-age=60',
53 silly registry.get     'content-length': '24196',
53 silly registry.get     'accept-ranges': 'bytes',
53 silly registry.get     via: '1.1 varnish',
53 silly registry.get     age: '0',
53 silly registry.get     'x-served-by': 'cache-ty68-TYO',
53 silly registry.get     'x-cache': 'HIT',
53 silly registry.get     'x-cache-hits': '1',
53 silly registry.get     'x-timer': 'S1414248146.301592,VS0,VE125',
53 silly registry.get     vary: 'Accept',
53 silly registry.get     'keep-alive': 'timeout=10, max=50',
53 silly registry.get     connection: 'Keep-Alive' } ]
54 silly addNameRange number 2 { name: 'connect-redis',
54 silly addNameRange   range: '>=2.0.0-0 <2.1.0-0',
54 silly addNameRange   hasData: true }
55 silly addNameRange versions [ 'connect-redis',
55 silly addNameRange   [ '0.0.1',
55 silly addNameRange     '0.0.2',
55 silly addNameRange     '0.1.0',
55 silly addNameRange     '0.1.1',
55 silly addNameRange     '0.1.2',
55 silly addNameRange     '0.1.3',
55 silly addNameRange     '0.2.0',
55 silly addNameRange     '0.2.1',
55 silly addNameRange     '0.2.2',
55 silly addNameRange     '0.2.3',
55 silly addNameRange     '1.0.0',
55 silly addNameRange     '1.0.1',
55 silly addNameRange     '1.0.2',
55 silly addNameRange     '1.0.3',
55 silly addNameRange     '1.0.4',
55 silly addNameRange     '1.0.5',
55 silly addNameRange     '1.0.6',
55 silly addNameRange     '1.0.7',
55 silly addNameRange     '1.1.0',
55 silly addNameRange     '1.2.0',
55 silly addNameRange     '1.3.0',
55 silly addNameRange     '1.4.0',
55 silly addNameRange     '1.4.1',
55 silly addNameRange     '1.4.2',
55 silly addNameRange     '1.4.3',
55 silly addNameRange     '1.4.4',
55 silly addNameRange     '1.4.5',
55 silly addNameRange     '1.4.6',
55 silly addNameRange     '1.4.7',
55 silly addNameRange     '1.5.0',
55 silly addNameRange     '2.0.0',
55 silly addNameRange     '2.1.0' ] ]
56 verbose addNamed [ 'connect-redis', '2.0.0' ]
57 verbose addNamed [ '2.0.0', '2.0.0' ]
58 silly lockFile 4883affe-connect-redis-2-0-0 connect-redis@2.0.0
59 verbose lock connect-redis@2.0.0 /Users/junemp/.npm/4883affe-connect-redis-2-0-0.lock
60 silly lockFile 0818291e-ct-redis-connect-redis-2-0-0-tgz https://registry.npmjs.org/connect-redis/-/connect-redis-2.0.0.tgz
61 verbose lock https://registry.npmjs.org/connect-redis/-/connect-redis-2.0.0.tgz /Users/junemp/.npm/0818291e-ct-redis-connect-redis-2-0-0-tgz.lock
62 verbose addRemoteTarball [ 'https://registry.npmjs.org/connect-redis/-/connect-redis-2.0.0.tgz',
62 verbose addRemoteTarball   '3cae7ef7a6ad969ce4a8c18bd54f24629a14346b' ]
63 info retry fetch attempt 1 at 23:42:26
64 verbose fetch to= /var/folders/80/xyc4jbms3wz268wzkk_4vkd00000gn/T/npm-1652-aM8XaKF1/registry.npmjs.org/connect-redis/-/connect-redis-2.0.0.tgz
65 http GET https://registry.npmjs.org/connect-redis/-/connect-redis-2.0.0.tgz
66 http 200 https://registry.npmjs.org/connect-redis/-/connect-redis-2.0.0.tgz
67 silly lockFile 0818291e-ct-redis-connect-redis-2-0-0-tgz https://registry.npmjs.org/connect-redis/-/connect-redis-2.0.0.tgz
68 silly lockFile 0818291e-ct-redis-connect-redis-2-0-0-tgz https://registry.npmjs.org/connect-redis/-/connect-redis-2.0.0.tgz
69 silly lockFile 4883affe-connect-redis-2-0-0 connect-redis@2.0.0
70 silly lockFile 4883affe-connect-redis-2-0-0 connect-redis@2.0.0
71 silly lockFile 000027a2-connect-redis-2-0-0 connect-redis@~2.0.0
72 silly lockFile 000027a2-connect-redis-2-0-0 connect-redis@~2.0.0
73 http 200 https://registry.npmjs.org/redis
74 silly registry.get cb [ 200,
74 silly registry.get   { date: 'Sat, 25 Oct 2014 14:42:27 GMT',
74 silly registry.get     server: 'CouchDB/1.5.0 (Erlang OTP/R16B03)',
74 silly registry.get     etag: '"CNMO0O7BHCXTLH8MFTMBMONK3"',
74 silly registry.get     'content-type': 'application/json',
74 silly registry.get     'cache-control': 'max-age=60',
74 silly registry.get     'content-length': '89664',
74 silly registry.get     'accept-ranges': 'bytes',
74 silly registry.get     via: '1.1 varnish',
74 silly registry.get     age: '0',
74 silly registry.get     'x-served-by': 'cache-ty68-TYO',
74 silly registry.get     'x-cache': 'HIT',
74 silly registry.get     'x-cache-hits': '1',
74 silly registry.get     'x-timer': 'S1414248146.301530,VS0,VE764',
74 silly registry.get     vary: 'Accept',
74 silly registry.get     'keep-alive': 'timeout=10, max=50',
74 silly registry.get     connection: 'Keep-Alive' } ]
75 silly addNameRange number 2 { name: 'redis', range: '>=2.0.0-0 <2.1.0-0', hasData: true }
76 silly addNameRange versions [ 'redis',
76 silly addNameRange   [ '0.0.1',
76 silly addNameRange     '0.0.2',
76 silly addNameRange     '0.0.3',
76 silly addNameRange     '0.0.4',
76 silly addNameRange     '0.0.7',
76 silly addNameRange     '0.0.8',
76 silly addNameRange     '0.1.0',
76 silly addNameRange     '0.1.1',
76 silly addNameRange     '0.1.2',
76 silly addNameRange     '0.2.0',
76 silly addNameRange     '0.2.1',
76 silly addNameRange     '0.2.2',
76 silly addNameRange     '0.2.3',
76 silly addNameRange     '0.2.4',
76 silly addNameRange     '0.2.6',
76 silly addNameRange     '0.3.0',
76 silly addNameRange     '0.3.1',
76 silly addNameRange     '0.3.2',
76 silly addNameRange     '0.3.3',
76 silly addNameRange     '0.3.4',
76 silly addNameRange     '0.3.5',
76 silly addNameRange     '0.3.6',
76 silly addNameRange     '0.3.7',
76 silly addNameRange     '0.3.9',
76 silly addNameRange     '0.4.0',
76 silly addNameRange     '0.4.1',
76 silly addNameRange     '0.4.2',
76 silly addNameRange     '0.5.0',
76 silly addNameRange     '0.5.1',
76 silly addNameRange     '0.5.2',
76 silly addNameRange     '0.5.3',
76 silly addNameRange     '0.5.4',
76 silly addNameRange     '0.5.5',
76 silly addNameRange     '0.5.6',
76 silly addNameRange     '0.5.7',
76 silly addNameRange     '0.5.8',
76 silly addNameRange     '0.5.9',
76 silly addNameRange     '0.5.10',
76 silly addNameRange     '0.5.11',
76 silly addNameRange     '0.6.0',
76 silly addNameRange     '0.6.1',
76 silly addNameRange     '0.6.2',
76 silly addNameRange     '0.6.3',
76 silly addNameRange     '0.6.4',
76 silly addNameRange     '0.6.5',
76 silly addNameRange     '0.6.6',
76 silly addNameRange     '0.6.7',
76 silly addNameRange     '0.7.0',
76 silly addNameRange     '0.7.1',
76 silly addNameRange     '0.7.2',
76 silly addNameRange     '0.7.3',
76 silly addNameRange     '0.8.0',
76 silly addNameRange     '0.8.1',
76 silly addNameRange     '0.8.2',
76 silly addNameRange     '0.8.3',
76 silly addNameRange     '0.8.4',
76 silly addNameRange     '0.8.5',
76 silly addNameRange     '0.8.6',
76 silly addNameRange     '0.9.0',
76 silly addNameRange     '0.9.1',
76 silly addNameRange     '0.9.2',
76 silly addNameRange     '0.10.0',
76 silly addNameRange     '0.10.1',
76 silly addNameRange     '0.10.2',
76 silly addNameRange     '0.10.3',
76 silly addNameRange     '0.11.0',
76 silly addNameRange     '0.12.0',
76 silly addNameRange     '0.12.1' ] ]
77 silly lockFile 4ee2de1e-redis-2-0-0 redis@~2.0.0
78 silly lockFile 4ee2de1e-redis-2-0-0 redis@~2.0.0
79 error notarget No compatible version found: redis@'>=2.0.0-0 <2.1.0-0'
79 error notarget Valid install targets:
79 error notarget ["0.0.1","0.0.2","0.0.3","0.0.4","0.0.7","0.0.8","0.1.0","0.1.1","0.1.2","0.2.0","0.2.1","0.2.2","0.2.3","0.2.4","0.2.6","0.3.0","0.3.1","0.3.2","0.3.3","0.3.4","0.3.5","0.3.6","0.3.7","0.3.9","0.4.0","0.4.1","0.4.2","0.5.0","0.5.1","0.5.2","0.5.3","0.5.4","0.5.5","0.5.6","0.5.7","0.5.8","0.5.9","0.5.10","0.5.11","0.6.0","0.6.1","0.6.2","0.6.3","0.6.4","0.6.5","0.6.6","0.6.7","0.7.0","0.7.1","0.7.2","0.7.3","0.8.0","0.8.1","0.8.2","0.8.3","0.8.4","0.8.5","0.8.6","0.9.0","0.9.1","0.9.2","0.10.0","0.10.1","0.10.2","0.10.3","0.11.0","0.12.0","0.12.1"]
79 error notarget
79 error notarget This is most likely not a problem with npm itself.
79 error notarget In most cases you or one of your dependencies are requesting
79 error notarget a package version that doesn't exist.
80 error System Darwin 14.0.0
81 error command "node" "/usr/local/bin/npm" "install"
82 error cwd /Users/junemp/Documents/devlab/nodejs/uac
83 error node -v v0.10.32
84 error npm -v 1.4.28
85 error code ETARGET
86 verbose exit [ 1, true ]
